
> fast-food-pos-server@1.0.0 dev
> nodemon src/server.js

[33m[nodemon] 3.1.14[39m
[33m[nodemon] to restart at any time, enter `rs`[39m
[33m[nodemon] watching path(s): *.*[39m
[33m[nodemon] watching extensions: js,mjs,cjs,json[39m
[32m[nodemon] starting `node src/server.js`[39m
Using local persistent MongoDB for development
MongoDB connected
Server running on port 5000
[0mGET /api/health [32m200[0m 1.526 ms - 15[0m
[0mPOST /api/auth/login [32m200[0m 69.848 ms - 289[0m
[0mPOST /api/auth/login [32m200[0m 64.192 ms - 299[0m
[0mPOST /api/auth/login [33m401[0m 71.850 ms - 33[0m
[0mPOST /api/auth/login [33m401[0m 1.361 ms - 33[0m
[0mPOST /api/auth/login [33m401[0m 1.334 ms - 33[0m
[0mPOST /api/auth/login [32m200[0m 64.344 ms - 289[0m
[0mGET /api/products/admin/all [32m200[0m 29.979 ms - 3030[0m
[0mGET /api/reports/low-stock [32m200[0m 31.588 ms - 2[0m
[0mGET /api/auth/me [32m200[0m 19.492 ms - 201[0m
[0mGET /api/reports/dashboard [32m200[0m 41.974 ms - 69[0m
[0mGET /api/reports/sales [32m200[0m 53.004 ms - 99[0m
[0mGET /api/shop-settings [32m200[0m 39.321 ms - 178[0m
[0mGET /api/products/admin/all [36m304[0m 12.807 ms - -[0m
[0mGET /api/reports/low-stock [36m304[0m 11.848 ms - -[0m
[0mGET /api/reports/dashboard [36m304[0m 21.217 ms - -[0m
[0mGET /api/reports/sales [36m304[0m 16.731 ms - -[0m
[0mGET /api/products [32m200[0m 4.780 ms - 3030[0m
[0mGET /api/products [36m304[0m 5.156 ms - -[0m
[0mPOST /api/auth/login [32m200[0m 60.461 ms - 299[0m
[0mGET /api/auth/me [32m200[0m 3.012 ms - 211[0m
[0mGET /api/products [36m304[0m 11.545 ms - -[0m
[0mGET /api/shop-settings [36m304[0m 12.345 ms - -[0m
[0mGET /api/products [36m304[0m 5.040 ms - -[0m
[0mPOST /api/orders [32m201[0m 21.290 ms - 1030[0m
[0mGET /api/products [36m304[0m 4.836 ms - -[0m
[0mGET /api/orders [32m200[0m 8.457 ms - 1032[0m
[0mGET /api/products/admin/all [36m304[0m 10.074 ms - -[0m
[0mGET /api/products/admin/all [36m304[0m 6.491 ms - -[0m
[0mGET /api/orders [36m304[0m 9.299 ms - -[0m
[0mGET /api/products/admin/all [36m304[0m 11.158 ms - -[0m
[0mGET /api/reports/sales [36m304[0m 12.080 ms - -[0m
[0mGET /api/reports/low-stock [36m304[0m 14.600 ms - -[0m
[0mGET /api/reports/dashboard [36m304[0m 22.409 ms - -[0m
[0mGET /api/products/admin/all [36m304[0m 10.277 ms - -[0m
[0mGET /api/reports/sales [36m304[0m 10.067 ms - -[0m
[0mGET /api/reports/low-stock [36m304[0m 10.963 ms - -[0m
[0mGET /api/reports/dashboard [36m304[0m 4.310 ms - -[0m
[0mGET /api/products/admin/all [36m304[0m 6.525 ms - -[0m
[0mGET /api/orders [36m304[0m 11.701 ms - -[0m
[0mGET /api/products/admin/all [36m304[0m 8.306 ms - -[0m
[0mGET /api/orders [36m304[0m 12.392 ms - -[0m
[0mPOST /api/auth/login [32m200[0m 66.486 ms - 289[0m
[0mGET /api/products [32m200[0m 5.811 ms - 3030[0m
[32m[nodemon] restarting due to changes...[39m
[32m[nodemon] starting `node src/server.js`[39m
[31m[nodemon] app crashed - waiting for file changes before starting...[39m
[32m[nodemon] restarting child process[39m
[32m[nodemon] starting `node src/server.js`[39m
[31m[nodemon] app crashed - waiting for file changes before starting...[39m
